<?xml version="1.0" encoding="UTF-8"?>
<testsuite xmlns:xsi="http://www.w3.org/2001/XMLSchema-instance" xsi:noNamespaceSchemaLocation="https://maven.apache.org/surefire/maven-surefire-plugin/xsd/surefire-test-report-3.0.xsd" version="3.0" name="pfaaa.backend.BackendApplicationTests" time="11.996" tests="1" errors="0" skipped="0" failures="0">
  <properties>
[...]
</properties>
  <testcase name="contextLoads" classname="pfaaa.backend.BackendApplicationTests" time="0.735">
    <system-out><![CDATA[21:41:16.774 [main] INFO org.springframework.test.context.support.AnnotationConfigContextLoaderUtils -- Could not detect default configuration classes for test class [pfaaa.backend.BackendApplicationTests]: BackendApplicationTests does not declare any static, non-private, non-final, nested classes annotated with @Configuration.
21:41:16.987 [main] INFO org.springframework.boot.test.context.SpringBootTestContextBootstrapper -- Found @SpringBootConfiguration pfaaa.backend.BackendApplication for test class pfaaa.backend.BackendApplicationTests

  .   ____          _            __ _ _
 /\\ / ___'_ __ _ _(_)_ __  __ _ \ \ \ \
( ( )\___ | '_ | '_| | '_ \/ _` | \ \ \ \
 \\/  ___)| |_)| | | | | || (_| |  ) ) ) )
  '  |____| .__|_| |_|_| |_\__, | / / / /
 =========|_|==============|___/=/_/_/_/
 :: Spring Boot ::                (v3.2.0)

2024-03-24T21:41:17.574+01:00  INFO 1148 --- [           main] pfaaa.backend.BackendApplicationTests    : Starting BackendApplicationTests using Java 21.0.1 with PID 1148 (started by Malak in C:\Users\Malak\Desktop\codeeee\backend)
2024-03-24T21:41:17.576+01:00  INFO 1148 --- [           main] pfaaa.backend.BackendApplicationTests    : No active profile set, falling back to 1 default profile: "default"
2024-03-24T21:41:19.801+01:00  INFO 1148 --- [           main] .s.d.r.c.RepositoryConfigurationDelegate : Bootstrapping Spring Data JPA repositories in DEFAULT mode.
2024-03-24T21:41:19.945+01:00  INFO 1148 --- [           main] .s.d.r.c.RepositoryConfigurationDelegate : Finished Spring Data repository scanning in 134 ms. Found 16 JPA repository interfaces.
2024-03-24T21:41:20.790+01:00  INFO 1148 --- [           main] o.hibernate.jpa.internal.util.LogHelper  : HHH000204: Processing PersistenceUnitInfo [name: default]
2024-03-24T21:41:20.908+01:00  INFO 1148 --- [           main] org.hibernate.Version                    : HHH000412: Hibernate ORM core version 6.3.1.Final
2024-03-24T21:41:21.005+01:00  INFO 1148 --- [           main] o.h.c.internal.RegionFactoryInitiator    : HHH000026: Second-level cache disabled
2024-03-24T21:41:21.444+01:00  INFO 1148 --- [           main] o.s.o.j.p.SpringPersistenceUnitInfo      : No LoadTimeWeaver setup: ignoring JPA class transformer
2024-03-24T21:41:21.490+01:00  INFO 1148 --- [           main] com.zaxxer.hikari.HikariDataSource       : HikariPool-1 - Starting...
2024-03-24T21:41:22.348+01:00  INFO 1148 --- [           main] com.zaxxer.hikari.pool.HikariPool        : HikariPool-1 - Added connection com.mysql.cj.jdbc.ConnectionImpl@4315fe1b
2024-03-24T21:41:22.353+01:00  INFO 1148 --- [           main] com.zaxxer.hikari.HikariDataSource       : HikariPool-1 - Start completed.
2024-03-24T21:41:22.527+01:00  WARN 1148 --- [           main] org.hibernate.orm.deprecation            : HHH90000025: MySQLDialect does not need to be specified explicitly using 'hibernate.dialect' (remove the property setting and it will be selected by default)
2024-03-24T21:41:22.790+01:00  WARN 1148 --- [           main] o.h.boot.model.internal.EntityBinder     : HHH000457: Joined inheritance hierarchy [pfaaa.backend.entity.User] defined explicit @DiscriminatorColumn.  Legacy Hibernate behavior was to ignore the @DiscriminatorColumn.  However, as part of issue HHH-6911 we now apply the explicit @DiscriminatorColumn.  If you would prefer the legacy behavior, enable the `hibernate.discriminator.ignore_explicit_for_joined` setting (hibernate.discriminator.ignore_explicit_for_joined=true)
2024-03-24T21:41:24.353+01:00  INFO 1148 --- [           main] o.h.e.t.j.p.i.JtaPlatformInitiator       : HHH000489: No JTA platform available (set 'hibernate.transaction.jta.platform' to enable JTA platform integration)
2024-03-24T21:41:24.809+01:00  INFO 1148 --- [           main] j.LocalContainerEntityManagerFactoryBean : Initialized JPA EntityManagerFactory for persistence unit 'default'
2024-03-24T21:41:25.343+01:00  INFO 1148 --- [           main] o.s.d.j.r.query.QueryEnhancerFactory     : Hibernate is in classpath; If applicable, HQL parser will be used.
2024-03-24T21:41:26.688+01:00  WARN 1148 --- [           main] JpaBaseConfiguration$JpaWebConfiguration : spring.jpa.open-in-view is enabled by default. Therefore, database queries may be performed during view rendering. Explicitly configure spring.jpa.open-in-view to disable this warning
2024-03-24T21:41:27.121+01:00  INFO 1148 --- [           main] o.s.s.web.DefaultSecurityFilterChain     : Will secure any request with [org.springframework.security.web.session.DisableEncodeUrlFilter@327dcf8c, org.springframework.security.web.context.request.async.WebAsyncManagerIntegrationFilter@69c7b870, org.springframework.security.web.context.SecurityContextHolderFilter@7e3c5dbb, org.springframework.security.web.header.HeaderWriterFilter@3d6f549c, org.springframework.security.web.authentication.logout.LogoutFilter@6409a2e4, pfaaa.backend.Security.JwtAuthenticationFilter@33742179, org.springframework.security.web.authentication.www.BasicAuthenticationFilter@7fa498b3, org.springframework.security.web.savedrequest.RequestCacheAwareFilter@b8da646, org.springframework.security.web.servletapi.SecurityContextHolderAwareRequestFilter@489f5b24, org.springframework.security.web.authentication.AnonymousAuthenticationFilter@62ccf42c, org.springframework.security.web.session.SessionManagementFilter@402e48d, org.springframework.security.web.access.ExceptionTranslationFilter@4d484eda, org.springframework.security.web.access.intercept.AuthorizationFilter@5111de33]
2024-03-24T21:41:27.537+01:00  INFO 1148 --- [           main] pfaaa.backend.BackendApplicationTests    : Started BackendApplicationTests in 10.311 seconds (process running for 12.467)
2024-03-24T21:41:27.678+01:00 DEBUG 1148 --- [           main] org.hibernate.SQL                        : select a1_0.id,a1_1.email,a1_1.password,a1_1.role,a1_1.id,a1_1.username from admin a1_0 join user a1_1 on a1_0.id=a1_1.id where a1_1.email=?
Admin already exists.
]]></system-out>
    <system-err><![CDATA[WARNING: A Java agent has been loaded dynamically (C:\Users\Malak\.m2\repository\net\bytebuddy\byte-buddy-agent\1.14.10\byte-buddy-agent-1.14.10.jar)
WARNING: If a serviceability tool is in use, please run with -XX:+EnableDynamicAgentLoading to hide this warning
WARNING: If a serviceability tool is not in use, please run with -Djdk.instrument.traceUsage for more information
WARNING: Dynamic loading of agents will be disallowed by default in a future release
]]></system-err>
  </testcase>
</testsuite>