<?xml version="1.0" encoding="UTF-8"?>
<testsuite xmlns:xsi="http://www.w3.org/2001/XMLSchema-instance" xsi:noNamespaceSchemaLocation="https://maven.apache.org/surefire/maven-surefire-plugin/xsd/surefire-test-report-3.0.xsd" version="3.0" name="pfaaa.backend.BackendApplicationTests" time="18.463" tests="1" errors="0" skipped="0" failures="0">
  <properties>
[...]
</properties>
  <testcase name="contextLoads" classname="pfaaa.backend.BackendApplicationTests" time="1.261">
    <system-out><![CDATA[21:20:15.632 [main] INFO org.springframework.test.context.support.AnnotationConfigContextLoaderUtils -- Could not detect default configuration classes for test class [pfaaa.backend.BackendApplicationTests]: BackendApplicationTests does not declare any static, non-private, non-final, nested classes annotated with @Configuration.
21:20:15.920 [main] INFO org.springframework.boot.test.context.SpringBootTestContextBootstrapper -- Found @SpringBootConfiguration pfaaa.backend.BackendApplication for test class pfaaa.backend.BackendApplicationTests

  .   ____          _            __ _ _
 /\\ / ___'_ __ _ _(_)_ __  __ _ \ \ \ \
( ( )\___ | '_ | '_| | '_ \/ _` | \ \ \ \
 \\/  ___)| |_)| | | | | || (_| |  ) ) ) )
  '  |____| .__|_| |_|_| |_\__, | / / / /
 =========|_|==============|___/=/_/_/_/
 :: Spring Boot ::                (v3.2.0)

2024-04-13T21:20:16.819+02:00  INFO 16800 --- [           main] pfaaa.backend.BackendApplicationTests    : Starting BackendApplicationTests using Java 21.0.1 with PID 16800 (started by pc in C:\ProgramData\oussema\backend)
2024-04-13T21:20:16.822+02:00  INFO 16800 --- [           main] pfaaa.backend.BackendApplicationTests    : No active profile set, falling back to 1 default profile: "default"
2024-04-13T21:20:19.284+02:00  INFO 16800 --- [           main] .s.d.r.c.RepositoryConfigurationDelegate : Bootstrapping Spring Data JPA repositories in DEFAULT mode.
2024-04-13T21:20:19.503+02:00  INFO 16800 --- [           main] .s.d.r.c.RepositoryConfigurationDelegate : Finished Spring Data repository scanning in 200 ms. Found 17 JPA repository interfaces.
2024-04-13T21:20:20.980+02:00  INFO 16800 --- [           main] o.hibernate.jpa.internal.util.LogHelper  : HHH000204: Processing PersistenceUnitInfo [name: default]
2024-04-13T21:20:21.166+02:00  INFO 16800 --- [           main] org.hibernate.Version                    : HHH000412: Hibernate ORM core version 6.3.1.Final
2024-04-13T21:20:21.285+02:00  INFO 16800 --- [           main] o.h.c.internal.RegionFactoryInitiator    : HHH000026: Second-level cache disabled
2024-04-13T21:20:21.948+02:00  INFO 16800 --- [           main] o.s.o.j.p.SpringPersistenceUnitInfo      : No LoadTimeWeaver setup: ignoring JPA class transformer
2024-04-13T21:20:22.019+02:00  INFO 16800 --- [           main] com.zaxxer.hikari.HikariDataSource       : HikariPool-1 - Starting...
2024-04-13T21:20:22.413+02:00  INFO 16800 --- [           main] com.zaxxer.hikari.pool.HikariPool        : HikariPool-1 - Added connection com.mysql.cj.jdbc.ConnectionImpl@708dfe10
2024-04-13T21:20:22.417+02:00  INFO 16800 --- [           main] com.zaxxer.hikari.HikariDataSource       : HikariPool-1 - Start completed.
2024-04-13T21:20:22.543+02:00  WARN 16800 --- [           main] org.hibernate.dialect.Dialect            : HHH000511: The 5.5.0 version for [org.hibernate.dialect.MySQLDialect] is no longer supported, hence certain features may not work properly. The minimum supported version is 5.7.0. Check the community dialects project for available legacy versions.
2024-04-13T21:20:22.560+02:00  WARN 16800 --- [           main] org.hibernate.orm.deprecation            : HHH90000025: MySQLDialect does not need to be specified explicitly using 'hibernate.dialect' (remove the property setting and it will be selected by default)
2024-04-13T21:20:22.960+02:00  WARN 16800 --- [           main] o.h.boot.model.internal.EntityBinder     : HHH000457: Joined inheritance hierarchy [pfaaa.backend.entity.User] defined explicit @DiscriminatorColumn.  Legacy Hibernate behavior was to ignore the @DiscriminatorColumn.  However, as part of issue HHH-6911 we now apply the explicit @DiscriminatorColumn.  If you would prefer the legacy behavior, enable the `hibernate.discriminator.ignore_explicit_for_joined` setting (hibernate.discriminator.ignore_explicit_for_joined=true)
2024-04-13T21:20:25.325+02:00  INFO 16800 --- [           main] o.h.e.t.j.p.i.JtaPlatformInitiator       : HHH000489: No JTA platform available (set 'hibernate.transaction.jta.platform' to enable JTA platform integration)
2024-04-13T21:20:26.259+02:00  INFO 16800 --- [           main] j.LocalContainerEntityManagerFactoryBean : Initialized JPA EntityManagerFactory for persistence unit 'default'
2024-04-13T21:20:27.265+02:00  INFO 16800 --- [           main] o.s.d.j.r.query.QueryEnhancerFactory     : Hibernate is in classpath; If applicable, HQL parser will be used.
2024-04-13T21:20:30.192+02:00  WARN 16800 --- [           main] JpaBaseConfiguration$JpaWebConfiguration : spring.jpa.open-in-view is enabled by default. Therefore, database queries may be performed during view rendering. Explicitly configure spring.jpa.open-in-view to disable this warning
2024-04-13T21:20:31.052+02:00  INFO 16800 --- [           main] o.s.s.web.DefaultSecurityFilterChain     : Will secure any request with [org.springframework.security.web.session.DisableEncodeUrlFilter@503e1cd9, org.springframework.security.web.context.request.async.WebAsyncManagerIntegrationFilter@20b54b6e, org.springframework.security.web.context.SecurityContextHolderFilter@200cdb37, org.springframework.security.web.header.HeaderWriterFilter@766f2d65, org.springframework.security.web.authentication.logout.LogoutFilter@4a1bb556, pfaaa.backend.Security.JwtAuthenticationFilter@50626d22, org.springframework.security.web.authentication.www.BasicAuthenticationFilter@84f0686, org.springframework.security.web.savedrequest.RequestCacheAwareFilter@6e8e1a98, org.springframework.security.web.servletapi.SecurityContextHolderAwareRequestFilter@23f6a18d, org.springframework.security.web.authentication.AnonymousAuthenticationFilter@195267c8, org.springframework.security.web.session.SessionManagementFilter@87f4794, org.springframework.security.web.access.ExceptionTranslationFilter@66049424, org.springframework.security.web.access.intercept.AuthorizationFilter@41194707]
2024-04-13T21:20:31.917+02:00  INFO 16800 --- [           main] pfaaa.backend.BackendApplicationTests    : Started BackendApplicationTests in 15.6 seconds (process running for 18.09)
Admin already exists.
]]></system-out>
    <system-err><![CDATA[WARNING: A Java agent has been loaded dynamically (C:\Users\pc\.m2\repository\net\bytebuddy\byte-buddy-agent\1.14.10\byte-buddy-agent-1.14.10.jar)
WARNING: If a serviceability tool is in use, please run with -XX:+EnableDynamicAgentLoading to hide this warning
WARNING: If a serviceability tool is not in use, please run with -Djdk.instrument.traceUsage for more information
WARNING: Dynamic loading of agents will be disallowed by default in a future release
]]></system-err>
  </testcase>
</testsuite>